<?xml version="1.0" encoding="UTF-8"?>
<!-- Generated by org.testng.reporters.JUnitReportReporter -->
<testsuite hostname="AR-NB-072" name="tests.TestDemo" tests="2" failures="0" timestamp="1 Apr 2020 20:43:18 GMT" time="4.828" errors="0">
  <testcase name="openApp" time="0.962" classname="tests.TestDemo"/>
  <testcase name="search" time="3.866" classname="tests.TestDemo"/>
</testsuite> <!-- tests.TestDemo -->
